# JRE version: Java(TM) SE Runtime Environment (8.0_161-b12) (build 1.8.0_161-b12)
# Java VM: Java HotSpot(TM) 64-Bit Server VM (25.161-b12 mixed mode windows-amd64 compressed oops)
Heap:
 PSYoungGen      total 38400K, used 25921K [0x00000000d5800000, 0x00000000dd980000, 0x0000000100000000)
  eden space 33280K, 62% used [0x00000000d5800000,0x00000000d6c50500,0x00000000d7880000)
  from space 5120K, 100% used [0x00000000d7880000,0x00000000d7d80000,0x00000000d7d80000)
  to   space 39936K, 0% used [0x00000000db280000,0x00000000db280000,0x00000000dd980000)
 ParOldGen       total 135168K, used 73093K [0x0000000080800000, 0x0000000088c00000, 0x00000000d5800000)
  object space 135168K, 54% used [0x0000000080800000,0x0000000084f61508,0x0000000088c00000)
 Metaspace       used 25530K, capacity 26310K, committed 26672K, reserved 1073152K
  class space    used 3351K, capacity 3561K, committed 3632K, reserved 1048576K
GC Heap History (10 events):
Event: 8.893 GC heap before
{Heap before GC invocations=3 (full 1):
 PSYoungGen      total 38400K, used 5088K [0x00000000d5800000, 0x00000000d8280000, 0x0000000100000000)
  eden space 33280K, 0% used [0x00000000d5800000,0x00000000d5800000,0x00000000d7880000)
  from space 5120K, 99% used [0x00000000d7d80000,0x00000000d8278050,0x00000000d8280000)
  to   space 5120K, 0% used [0x00000000d7880000,0x00000000d7880000,0x00000000d7d80000)
 ParOldGen       total 87552K, used 6502K [0x0000000080800000, 0x0000000085d80000, 0x00000000d5800000)
  object space 87552K, 7% used [0x0000000080800000,0x0000000080e59938,0x0000000085d80000)
 Metaspace       used 20442K, capacity 21214K, committed 21296K, reserved 1067008K
  class space    used 2884K, capacity 3079K, committed 3120K, reserved 1048576K
Event: 8.954 GC heap after
Heap after GC invocations=3 (full 1):
 PSYoungGen      total 38400K, used 0K [0x00000000d5800000, 0x00000000d8280000, 0x0000000100000000)
  eden space 33280K, 0% used [0x00000000d5800000,0x00000000d5800000,0x00000000d7880000)
  from space 5120K, 0% used [0x00000000d7d80000,0x00000000d7d80000,0x00000000d8280000)
  to   space 5120K, 0% used [0x00000000d7880000,0x00000000d7880000,0x00000000d7d80000)
 ParOldGen       total 51200K, used 9420K [0x0000000080800000, 0x0000000083a00000, 0x00000000d5800000)
  object space 51200K, 18% used [0x0000000080800000,0x0000000081133180,0x0000000083a00000)
 Metaspace       used 20442K, capacity 21214K, committed 21296K, reserved 1067008K
  class space    used 2884K, capacity 3079K, committed 3120K, reserved 1048576K
}
Event: 11.053 GC heap before
{Heap before GC invocations=4 (full 1):
 PSYoungGen      total 38400K, used 33280K [0x00000000d5800000, 0x00000000d8280000, 0x0000000100000000)
  eden space 33280K, 100% used [0x00000000d5800000,0x00000000d7880000,0x00000000d7880000)
  from space 5120K, 0% used [0x00000000d7d80000,0x00000000d7d80000,0x00000000d8280000)
  to   space 5120K, 0% used [0x00000000d7880000,0x00000000d7880000,0x00000000d7d80000)
 ParOldGen       total 51200K, used 9426K [0x0000000080800000, 0x0000000083a00000, 0x00000000d5800000)
  object space 51200K, 18% used [0x0000000080800000,0x0000000081134998,0x0000000083a00000)
 Metaspace       used 24470K, capacity 25184K, committed 25264K, reserved 1071104K
  class space    used 3280K, capacity 3464K, committed 3504K, reserved 1048576K
Event: 11.064 GC heap after
Heap after GC invocations=4 (full 1):
 PSYoungGen      total 38400K, used 5107K [0x00000000d5800000, 0x00000000d8280000, 0x0000000100000000)
  eden space 33280K, 0% used [0x00000000d5800000,0x00000000d5800000,0x00000000d7880000)
  from space 5120K, 99% used [0x00000000d7880000,0x00000000d7d7cf00,0x00000000d7d80000)
  to   space 5120K, 0% used [0x00000000d7d80000,0x00000000d7d80000,0x00000000d8280000)
 ParOldGen       total 51200K, used 22196K [0x0000000080800000, 0x0000000083a00000, 0x00000000d5800000)
  object space 51200K, 43% used [0x0000000080800000,0x0000000081dad3a8,0x0000000083a00000)
 Metaspace       used 24470K, capacity 25184K, committed 25264K, reserved 1071104K
  class space    used 3280K, capacity 3464K, committed 3504K, reserved 1048576K
}
Event: 15.435 GC heap before
{Heap before GC invocations=5 (full 1):
 PSYoungGen      total 38400K, used 38387K [0x00000000d5800000, 0x00000000d8280000, 0x0000000100000000)
  eden space 33280K, 100% used [0x00000000d5800000,0x00000000d7880000,0x00000000d7880000)
  from space 5120K, 99% used [0x00000000d7880000,0x00000000d7d7cf00,0x00000000d7d80000)
  to   space 5120K, 0% used [0x00000000d7d80000,0x00000000d7d80000,0x00000000d8280000)
 ParOldGen       total 51200K, used 22198K [0x0000000080800000, 0x0000000083a00000, 0x00000000d5800000)
  object space 51200K, 43% used [0x0000000080800000,0x0000000081dadae0,0x0000000083a00000)
 Metaspace       used 25438K, capacity 26208K, committed 26416K, reserved 1073152K
  class space    used 3347K, capacity 3528K, committed 3632K, reserved 1048576K
Event: 15.456 GC heap after
Heap after GC invocations=5 (full 1):
 PSYoungGen      total 38400K, used 5105K [0x00000000d5800000, 0x00000000d8280000, 0x0000000100000000)
  eden space 33280K, 0% used [0x00000000d5800000,0x00000000d5800000,0x00000000d7880000)
  from space 5120K, 99% used [0x00000000d7d80000,0x00000000d827c6a8,0x00000000d8280000)
  to   space 5120K, 0% used [0x00000000d7880000,0x00000000d7880000,0x00000000d7d80000)
 ParOldGen       total 51200K, used 48270K [0x0000000080800000, 0x0000000083a00000, 0x00000000d5800000)
  object space 51200K, 94% used [0x0000000080800000,0x00000000837238d0,0x0000000083a00000)
 Metaspace       used 25438K, capacity 26208K, committed 26416K, reserved 1073152K
  class space    used 3347K, capacity 3528K, committed 3632K, reserved 1048576K
}
Event: 15.456 GC heap before
{Heap before GC invocations=6 (full 2):
 PSYoungGen      total 38400K, used 5105K [0x00000000d5800000, 0x00000000d8280000, 0x0000000100000000)
  eden space 33280K, 0% used [0x00000000d5800000,0x00000000d5800000,0x00000000d7880000)
  from space 5120K, 99% used [0x00000000d7d80000,0x00000000d827c6a8,0x00000000d8280000)
  to   space 5120K, 0% used [0x00000000d7880000,0x00000000d7880000,0x00000000d7d80000)
 ParOldGen       total 51200K, used 48270K [0x0000000080800000, 0x0000000083a00000, 0x00000000d5800000)
  object space 51200K, 94% used [0x0000000080800000,0x00000000837238d0,0x0000000083a00000)
 Metaspace       used 25438K, capacity 26208K, committed 26416K, reserved 1073152K
  class space    used 3347K, capacity 3528K, committed 3632K, reserved 1048576K
Event: 15.509 GC heap after
Heap after GC invocations=6 (full 2):
 PSYoungGen      total 38400K, used 0K [0x00000000d5800000, 0x00000000d8280000, 0x0000000100000000)
  eden space 33280K, 0% used [0x00000000d5800000,0x00000000d5800000,0x00000000d7880000)
  from space 5120K, 0% used [0x00000000d7d80000,0x00000000d7d80000,0x00000000d8280000)
  to   space 5120K, 0% used [0x00000000d7880000,0x00000000d7880000,0x00000000d7d80000)
 ParOldGen       total 135168K, used 49464K [0x0000000080800000, 0x0000000088c00000, 0x00000000d5800000)
  object space 135168K, 36% used [0x0000000080800000,0x000000008384e1a8,0x0000000088c00000)
 Metaspace       used 25438K, capacity 26208K, committed 26416K, reserved 1073152K
  class space    used 3347K, capacity 3528K, committed 3632K, reserved 1048576K
}
Event: 16.106 GC heap before
{Heap before GC invocations=7 (full 2):
 PSYoungGen      total 38400K, used 33280K [0x00000000d5800000, 0x00000000d8280000, 0x0000000100000000)
  eden space 33280K, 100% used [0x00000000d5800000,0x00000000d7880000,0x00000000d7880000)
  from space 5120K, 0% used [0x00000000d7d80000,0x00000000d7d80000,0x00000000d8280000)
  to   space 5120K, 0% used [0x00000000d7880000,0x00000000d7880000,0x00000000d7d80000)
 ParOldGen       total 135168K, used 49464K [0x0000000080800000, 0x0000000088c00000, 0x00000000d5800000)
  object space 135168K, 36% used [0x0000000080800000,0x000000008384e1a8,0x0000000088c00000)
 Metaspace       used 25483K, capacity 26272K, committed 26416K, reserved 1073152K
  class space    used 3347K, capacity 3528K, committed 3632K, reserved 1048576K
Event: 16.124 GC heap after
Heap after GC invocations=7 (full 2):
 PSYoungGen      total 38400K, used 5120K [0x00000000d5800000, 0x00000000dd980000, 0x0000000100000000)
  eden space 33280K, 0% used [0x00000000d5800000,0x00000000d5800000,0x00000000d7880000)
  from space 5120K, 100% used [0x00000000d7880000,0x00000000d7d80000,0x00000000d7d80000)
  to   space 39936K, 0% used [0x00000000db280000,0x00000000db280000,0x00000000dd980000)
 ParOldGen       total 135168K, used 73093K [0x0000000080800000, 0x0000000088c00000, 0x00000000d5800000)
  object space 135168K, 54% used [0x0000000080800000,0x0000000084f61508,0x0000000088c00000)
 Metaspace       used 25483K, capacity 26272K, committed 26416K, reserved 1073152K
  class space    used 3347K, capacity 3528K, committed 3632K, reserved 1048576K
}

